{"C:\\Proyectos-ITLA\\Electiva 1\\ci-cd-web-app\\src\\index.js": {"path":"C:\\Proyectos-ITLA\\Electiva 1\\ci-cd-web-app\\src\\index.js","statementMap":{"0":{"start":{"line":2,"column":4},"end":{"line":2,"column":17}},"1":{"start":{"line":5,"column":2},"end":{"line":5,"column":24}}},"fnMap":{"0":{"name":"suma","decl":{"start":{"line":1,"column":9},"end":{"line":1,"column":13}},"loc":{"start":{"line":1,"column":20},"end":{"line":3,"column":3}},"line":1}},"branchMap":{},"s":{"0":2,"1":1},"f":{"0":2},"b":{},"_coverageSchema":"1a1c01bbd47fc00a2c39e90264f33305004495a9","hash":"5ceb863b3541d077c70129c1347f5a9ec8b7b635"}
}
